/Users/abhi/.local/pipx/venvs/copier-template-tester/lib/python3.11/site-packages/copier/_vcs.py:209: DirtyLocalWarning: Dirty template changes included automatically.
  warn(

Copying from template version 0.9.6.post7.dev0+bcdca25
[32m[1m    create[39m[0m  .projectable.toml
[32m[1m    create[39m[0m  misc
[32m[1m    create[39m[0m  misc/meetings.template.org
[32m[1m    create[39m[0m  misc/dirpruner.py
[32m[1m    create[39m[0m  misc/meetings-test-proj.org
[32m[1m    create[39m[0m  misc/codeqc.just
[32m[1m    create[39m[0m  misc/dirkeeper.py
[32m[1m    create[39m[0m  .bazelversion
[32m[1m    create[39m[0m  .emacs.proj
[32m[1m    create[39m[0m  .emacs.proj/project-setup.el
[32m[1m    create[39m[0m  .markdownlint-cli2.yaml
[32m[1m    create[39m[0m  expansion.just
[32m[1m    create[39m[0m  .copier-answers.yml
[32m[1m    create[39m[0m  .python-version
[32m[1m    create[39m[0m  analysis
[32m[1m    create[39m[0m  analysis/analysis.just
[32m[1m    create[39m[0m  analysis/databases
[32m[1m    create[39m[0m  analysis/databases/postgresql
[32m[1m    create[39m[0m  analysis/databases/postgresql/.gitkeep
[32m[1m    create[39m[0m  analysis/databases/sqlite
[32m[1m    create[39m[0m  analysis/databases/sqlite/.gitkeep
[32m[1m    create[39m[0m  analysis/databases/immudb
[32m[1m    create[39m[0m  analysis/databases/immudb/README.md
[32m[1m    create[39m[0m  analysis/databases/datalevin
[32m[1m    create[39m[0m  analysis/databases/datalevin/.gitkeep
[32m[1m    create[39m[0m  analysis/databases/duckdb
[32m[1m    create[39m[0m  analysis/databases/duckdb/.gitkeep
[32m[1m    create[39m[0m  analysis/databases/xtdb
[32m[1m    create[39m[0m  analysis/databases/xtdb/.gitkeep
[32m[1m    create[39m[0m  analysis/databases/irmin
[32m[1m    create[39m[0m  analysis/databases/irmin/README.md
[32m[1m    create[39m[0m  analysis/databases/dolt
[32m[1m    create[39m[0m  analysis/databases/dolt/.gitkeep
[32m[1m    create[39m[0m  analysis/config
[32m[1m    create[39m[0m  analysis/config/restic.template
[32m[1m    create[39m[0m  analysis/config/unison.template
[32m[1m    create[39m[0m  analysis/config/config.yaml
[32m[1m    create[39m[0m  analysis/config/experiment_tracking.yaml
[32m[1m    create[39m[0m  analysis/config/db
[32m[1m    create[39m[0m  analysis/config/db/sqlite.template.yaml
[32m[1m    create[39m[0m  analysis/config/db/postgresql.template.yaml
[32m[1m    create[39m[0m  analysis/config/rclone.template.conf
[32m[1m    create[39m[0m  analysis/web
[32m[1m    create[39m[0m  analysis/web/pode
[32m[1m    create[39m[0m  analysis/web/pode/frontend
[32m[1m    create[39m[0m  analysis/web/pode/frontend/web.ps1
[32m[1m    create[39m[0m  analysis/web/pode/backend
[32m[1m    create[39m[0m  analysis/web/pode/backend/server.ps1
[32m[1m    create[39m[0m  analysis/web/pode/backend/ping-pong.ps1
[32m[1m    create[39m[0m  analysis/web/pode/backend/file.ps1
[32m[1m    create[39m[0m  analysis/web/python
[32m[1m    create[39m[0m  analysis/web/python/main.py
[32m[1m    create[39m[0m  analysis/web/r
[32m[1m    create[39m[0m  analysis/web/r/plumber.R
[32m[1m    create[39m[0m  analysis/web/run.sh
[32m[1m    create[39m[0m  analysis/tests
[32m[1m    create[39m[0m  analysis/tests/tests.org
[32m[1m    create[39m[0m  analysis/tests/pipelines
[32m[1m    create[39m[0m  analysis/tests/pipelines/feature_pipeline
[32m[1m    create[39m[0m  analysis/tests/pipelines/feature_pipeline/__init__.py
[32m[1m    create[39m[0m  analysis/tests/pipelines/training_pipeline
[32m[1m    create[39m[0m  analysis/tests/pipelines/training_pipeline/__init__.py
[32m[1m    create[39m[0m  analysis/tests/pipelines/__init__.py
[32m[1m    create[39m[0m  analysis/tests/pipelines/inference_pipeline
[32m[1m    create[39m[0m  analysis/tests/pipelines/inference_pipeline/__init__.py
[32m[1m    create[39m[0m  analysis/tests/conftest.py
[32m[1m    create[39m[0m  analysis/tests/__init__.py
[32m[1m    create[39m[0m  analysis/tests/model
[32m[1m    create[39m[0m  analysis/tests/model/__init__.py
[32m[1m    create[39m[0m  analysis/tests/inference
[32m[1m    create[39m[0m  analysis/tests/inference/__init__.py
[32m[1m    create[39m[0m  analysis/tests/test_example.py
[32m[1m    create[39m[0m  analysis/tests/test_mock.py
[32m[1m    create[39m[0m  analysis/tests/data
[32m[1m    create[39m[0m  analysis/tests/data/__init__.py
[32m[1m    create[39m[0m  analysis/DASHBOARDS_PIPELINES_IMPROVEMENTS.md
[32m[1m    create[39m[0m  analysis/pipelines
[32m[1m    create[39m[0m  analysis/pipelines/snakemake
[32m[1m    create[39m[0m  analysis/pipelines/snakemake/experiments
[32m[1m    create[39m[0m  analysis/pipelines/snakemake/experiments/config
[32m[1m    create[39m[0m  analysis/pipelines/snakemake/experiments/config/base.yaml
[32m[1m    create[39m[0m  analysis/pipelines/snakemake/experiments/README.md
[32m[1m    create[39m[0m  analysis/pipelines/snakemake/experiments/snakemake-experiments.just
[32m[1m    create[39m[0m  analysis/pipelines/snakemake/experiments/.justscripts
[32m[1m    create[39m[0m  analysis/pipelines/snakemake/experiments/.justscripts/check_samples.py
[32m[1m    create[39m[0m  analysis/pipelines/snakemake/experiments/.justscripts/show_stats.py
[32m[1m    create[39m[0m  analysis/pipelines/snakemake/experiments/profiles
[32m[1m    create[39m[0m  analysis/pipelines/snakemake/experiments/profiles/cluster
[32m[1m    create[39m[0m  analysis/pipelines/snakemake/experiments/profiles/cluster/config.yaml
[32m[1m    create[39m[0m  analysis/pipelines/snakemake/experiments/profiles/local
[32m[1m    create[39m[0m  analysis/pipelines/snakemake/experiments/profiles/local/config.yaml
[32m[1m    create[39m[0m  analysis/pipelines/snakemake/experiments/runs
[32m[1m    create[39m[0m  analysis/pipelines/snakemake/experiments/runs/templates
[32m[1m    create[39m[0m  analysis/pipelines/snakemake/experiments/runs/templates/execution-log.md
[32m[1m    create[39m[0m  analysis/pipelines/snakemake/experiments/runs/templates/experiment-plan.md
[32m[1m    create[39m[0m  analysis/pipelines/snakemake/Snakefile
[32m[1m    create[39m[0m  analysis/pipelines/.gitkeep
[32m[1m    create[39m[0m  analysis/pipelines/nextflow
[32m[1m    create[39m[0m  analysis/pipelines/nextflow/experiments
[32m[1m    create[39m[0m  analysis/pipelines/nextflow/experiments/nextflow-experiments.just
[32m[1m    create[39m[0m  analysis/pipelines/nextflow/experiments/tower
[32m[1m    create[39m[0m  analysis/pipelines/nextflow/experiments/tower/tower.config
[32m[1m    create[39m[0m  analysis/pipelines/nextflow/experiments/README.md
[32m[1m    create[39m[0m  analysis/pipelines/nextflow/experiments/configs
[32m[1m    create[39m[0m  analysis/pipelines/nextflow/experiments/configs/base.config
[32m[1m    create[39m[0m  analysis/pipelines/nextflow/experiments/runs
[32m[1m    create[39m[0m  analysis/pipelines/nextflow/experiments/runs/templates
[32m[1m    create[39m[0m  analysis/pipelines/nextflow/experiments/runs/templates/execution-log.md
[32m[1m    create[39m[0m  analysis/pipelines/nextflow/experiments/runs/templates/experiment-plan.md
[32m[1m    create[39m[0m  analysis/pipelines/nextflow/params.in.yaml
[32m[1m    create[39m[0m  analysis/pipelines/nextflow/nextflow.config
[32m[1m    create[39m[0m  analysis/pipelines/nextflow/data-pipeline.nf
[32m[1m    create[39m[0m  analysis/pipelines/configs
[32m[1m    create[39m[0m  analysis/pipelines/configs/pipeline-config-template.yaml
[32m[1m    create[39m[0m  analysis/pipelines/pipelines.just
[32m[1m    create[39m[0m  analysis/pipelines/pipelines-test-proj.org
[32m[1m    create[39m[0m  analysis/pipelines/.justscripts
[32m[1m    create[39m[0m  analysis/pipelines/.justscripts/run-evaluation-pipeline.py
[32m[1m    create[39m[0m  analysis/DATA_STRUCTURE_IMPROVEMENTS.md
[32m[1m    create[39m[0m  analysis/dashboards
[32m[1m    create[39m[0m  analysis/dashboards/shiny-palmer-penguins.qmd
[32m[1m    create[39m[0m  analysis/dashboards/.gitkeep
[32m[1m    create[39m[0m  analysis/dashboards/dashboards.just
[32m[1m    create[39m[0m  analysis/dashboards/templates
[32m[1m    create[39m[0m  analysis/dashboards/templates/research-results-template.qmd
[32m[1m    create[39m[0m  analysis/dashboards/observablejs-palmer-penguin.qmd
[32m[1m    create[39m[0m  analysis/scripts
[32m[1m    create[39m[0m  analysis/scripts/ocaml
[32m[1m    create[39m[0m  analysis/scripts/ocaml/minimo.ml
[32m[1m    create[39m[0m  analysis/scripts/ocaml/dune
[32m[1m    create[39m[0m  analysis/scripts/ocaml/.gitkeep
[32m[1m    create[39m[0m  analysis/scripts/python
[32m[1m    create[39m[0m  analysis/scripts/python/eda_skimpy.py
[32m[1m    create[39m[0m  analysis/scripts/python/hello.py
[32m[1m    create[39m[0m  analysis/scripts/python/wolfram.py
[32m[1m    create[39m[0m  analysis/scripts/python/eda_dataprep.py
[32m[1m    create[39m[0m  analysis/scripts/python/r.py
[32m[1m    create[39m[0m  analysis/scripts/python/fire.py
[32m[1m    create[39m[0m  analysis/scripts/python/.gitkeep
[32m[1m    create[39m[0m  analysis/scripts/python/matlab.py
[32m[1m    create[39m[0m  analysis/scripts/python/data_validation_suite.py
[32m[1m    create[39m[0m  analysis/scripts/python/fig_xkcd.py
[32m[1m    create[39m[0m  analysis/scripts/clojure
[32m[1m    create[39m[0m  analysis/scripts/clojure/.gitkeep
[32m[1m    create[39m[0m  analysis/scripts/shells
[32m[1m    create[39m[0m  analysis/scripts/shells/bash
[32m[1m    create[39m[0m  analysis/scripts/shells/bash/.gitkeep
[32m[1m    create[39m[0m  analysis/scripts/shells/bash/scratch.sh
[32m[1m    create[39m[0m  analysis/scripts/shells/nushell
[32m[1m    create[39m[0m  analysis/scripts/shells/nushell/restish.nu
[32m[1m    create[39m[0m  analysis/scripts/shells/nushell/scratch.nu
[32m[1m    create[39m[0m  analysis/scripts/shells/nushell/.gitkeep
[32m[1m    create[39m[0m  analysis/scripts/shells/powershell
[32m[1m    create[39m[0m  analysis/scripts/shells/powershell/.gitkeep
[32m[1m    create[39m[0m  analysis/scripts/shells/powershell/README.md
[32m[1m    create[39m[0m  analysis/scripts/shells/shells.qmd
[32m[1m    create[39m[0m  analysis/scripts/fsharp
[32m[1m    create[39m[0m  analysis/scripts/fsharp/README.md
[32m[1m    create[39m[0m  analysis/scripts/fsharp/add_two.fs
[32m[1m    create[39m[0m  analysis/scripts/r
[32m[1m    create[39m[0m  analysis/scripts/r/ggplot.R
[32m[1m    create[39m[0m  analysis/scripts/r/bioconductor.R
[32m[1m    create[39m[0m  analysis/scripts/r/.gitkeep
[32m[1m    create[39m[0m  analysis/scripts/r/README.md
[32m[1m    create[39m[0m  analysis/scripts/r/pointblank.R
[32m[1m    create[39m[0m  analysis/scripts/wolfram
[32m[1m    create[39m[0m  analysis/scripts/wolfram/.gitkeep
[32m[1m    create[39m[0m  analysis/scripts/wolfram/add-num.wls
[32m[1m    create[39m[0m  analysis/scripts/scripts.just
[32m[1m    create[39m[0m  analysis/scripts/nextflow
[32m[1m    create[39m[0m  analysis/scripts/nextflow/.gitkeep
[32m[1m    create[39m[0m  analysis/scripts/java
[32m[1m    create[39m[0m  analysis/scripts/java/helloworld.java
[32m[1m    create[39m[0m  analysis/scripts/scripts-test-proj.org
[32m[1m    create[39m[0m  analysis/scripts/README.md
[32m[1m    create[39m[0m  analysis/scripts/stan
[32m[1m    create[39m[0m  analysis/scripts/stan/.gitkeep
[32m[1m    create[39m[0m  analysis/scripts/matlab
[32m[1m    create[39m[0m  analysis/scripts/matlab/.gitkeep
[32m[1m    create[39m[0m  analysis/scripts/matlab/script.m
[32m[1m    create[39m[0m  analysis/scripts/julia
[32m[1m    create[39m[0m  analysis/scripts/julia/.gitkeep
[32m[1m    create[39m[0m  analysis/scripts/julia/hello.jl
[32m[1m    create[39m[0m  analysis/scripts/node-babashka
[32m[1m    create[39m[0m  analysis/scripts/node-babashka/.gitkeep
[32m[1m    create[39m[0m  analysis/scripts/node-babashka/clojurescript
[32m[1m    create[39m[0m  analysis/scripts/node-babashka/clojurescript/.gitkeep
[32m[1m    create[39m[0m  analysis/scripts/node-babashka/clojurescript/figwheel
[32m[1m    create[39m[0m  analysis/scripts/node-babashka/clojurescript/figwheel/src
[32m[1m    create[39m[0m  analysis/scripts/node-babashka/clojurescript/figwheel/src/hello_world
[32m[1m    create[39m[0m  analysis/scripts/node-babashka/clojurescript/figwheel/src/hello_world/core.cljs
[32m[1m    create[39m[0m  analysis/scripts/node-babashka/bun.cljs
[32m[1m    create[39m[0m  analysis/scripts/babashka
[32m[1m    create[39m[0m  analysis/scripts/babashka/.gitkeep
[32m[1m    create[39m[0m  analysis/packages
[32m[1m    create[39m[0m  analysis/packages/zig
[32m[1m    create[39m[0m  analysis/packages/zig/hello.zig
[32m[1m    create[39m[0m  analysis/packages/templates
[32m[1m    create[39m[0m  analysis/packages/templates/powershell-module
[32m[1m    create[39m[0m  analysis/packages/templates/powershell-module/README.md
[32m[1m    create[39m[0m  analysis/packages/templates/clojure-library
[32m[1m    create[39m[0m  analysis/packages/templates/clojure-library/README.md
[32m[1m    create[39m[0m  analysis/packages/templates/python-research
[32m[1m    create[39m[0m  analysis/packages/templates/python-research/README.md
[32m[1m    create[39m[0m  analysis/packages/templates/bioinformatics
[32m[1m    create[39m[0m  analysis/packages/templates/bioinformatics/README.md
[32m[1m    create[39m[0m  analysis/packages/justfiles
[32m[1m    create[39m[0m  analysis/packages/justfiles/c.just
[32m[1m    create[39m[0m  analysis/packages/justfiles/python.just
[32m[1m    create[39m[0m  analysis/packages/justfiles/groovy.just
[32m[1m    create[39m[0m  analysis/packages/justfiles/powershell.just
[32m[1m    create[39m[0m  analysis/packages/justfiles/fsharp.just
[32m[1m    create[39m[0m  analysis/packages/justfiles/validation.just
[32m[1m    create[39m[0m  analysis/packages/justfiles/rust.just
[32m[1m    create[39m[0m  analysis/packages/justfiles/zig.just
[32m[1m    create[39m[0m  analysis/packages/justfiles/go.just
[32m[1m    create[39m[0m  analysis/packages/justfiles/r.just
[32m[1m    create[39m[0m  analysis/packages/justfiles/cli.just
[32m[1m    create[39m[0m  analysis/packages/justfiles/csharp.just
[32m[1m    create[39m[0m  analysis/packages/justfiles/julia.just
[32m[1m    create[39m[0m  analysis/packages/justfiles/ocaml.just
[32m[1m    create[39m[0m  analysis/packages/justfiles/distribution.just
[32m[1m    create[39m[0m  analysis/packages/justfiles/java.just
[32m[1m    create[39m[0m  analysis/packages/justfiles/clojure.just
[32m[1m    create[39m[0m  analysis/packages/python
[32m[1m    create[39m[0m  analysis/packages/python/BUILD
[32m[1m    create[39m[0m  analysis/packages/python/my_package
[32m[1m    create[39m[0m  analysis/packages/python/my_package/tests
[32m[1m    create[39m[0m  analysis/packages/python/my_package/tests/core_test.py
[32m[1m    create[39m[0m  analysis/packages/python/my_package/src
[32m[1m    create[39m[0m  analysis/packages/python/my_package/src/__init__.py
[32m[1m    create[39m[0m  analysis/packages/python/my_package/src/core.py
[32m[1m    create[39m[0m  analysis/packages/conda
[32m[1m    create[39m[0m  analysis/packages/conda/.gitkeep
[32m[1m    create[39m[0m  analysis/packages/clojure
[32m[1m    create[39m[0m  analysis/packages/clojure/.gitkeep
[32m[1m    create[39m[0m  analysis/packages/.gitkeep
[32m[1m    create[39m[0m  analysis/packages/PACKAGES-STRUCTURE.md
[32m[1m    create[39m[0m  analysis/packages/packages.just
[32m[1m    create[39m[0m  analysis/packages/packages.just.backup
[36m identical[39m[0m  analysis/packages/templates
[32m[1m    create[39m[0m  analysis/packages/templates/rust-library
[32m[1m    create[39m[0m  analysis/packages/templates/rust-library/README.md
[32m[1m    create[39m[0m  analysis/packages/templates/fsharp-library
[32m[1m    create[39m[0m  analysis/packages/templates/fsharp-library/README.md
[32m[1m    create[39m[0m  analysis/packages/templates/java-library
[32m[1m    create[39m[0m  analysis/packages/templates/java-library/README.md
[32m[1m    create[39m[0m  analysis/packages/templates/julia-library
[32m[1m    create[39m[0m  analysis/packages/templates/julia-library/README.md
[32m[1m    create[39m[0m  analysis/packages/templates/ocaml-library
[32m[1m    create[39m[0m  analysis/packages/templates/ocaml-library/README.md
[32m[1m    create[39m[0m  analysis/packages/templates/go-library
[32m[1m    create[39m[0m  analysis/packages/templates/go-library/README.md
[32m[1m    create[39m[0m  analysis/packages/templates/c-library
[32m[1m    create[39m[0m  analysis/packages/templates/c-library/README.md
[32m[1m    create[39m[0m  analysis/packages/templates/zig-library
[32m[1m    create[39m[0m  analysis/packages/templates/zig-library/README.md
[32m[1m    create[39m[0m  analysis/packages/templates/groovy-library
[32m[1m    create[39m[0m  analysis/packages/templates/groovy-library/README.md
[32m[1m    create[39m[0m  analysis/packages/templates/csharp-library
[32m[1m    create[39m[0m  analysis/packages/templates/csharp-library/README.md
[32m[1m    create[39m[0m  analysis/infrastructure
[32m[1m    create[39m[0m  analysis/infrastructure/infrastructure.just
[32m[1m    create[39m[0m  analysis/infrastructure/setup_java.sh
[32m[1m    create[39m[0m  analysis/infrastructure/_templates
[32m[1m    create[39m[0m  analysis/infrastructure/_templates/991_infrastructure.just
[32m[1m    create[39m[0m  analysis/infrastructure/04_environments
[32m[1m    create[39m[0m  analysis/infrastructure/04_environments/setup_java.sh
[32m[1m    create[39m[0m  analysis/infrastructure/04_environments/environments.just
[32m[1m    create[39m[0m  analysis/infrastructure/03_automation
[32m[1m    create[39m[0m  analysis/infrastructure/03_automation/032_dagger
[32m[1m    create[39m[0m  analysis/infrastructure/03_automation/032_dagger/.gitkeep
[32m[1m    create[39m[0m  analysis/infrastructure/03_automation/032_dagger/pipeline.py
[32m[1m    create[39m[0m  analysis/infrastructure/03_automation/033_packer
[32m[1m    create[39m[0m  analysis/infrastructure/03_automation/033_packer/image.json
[32m[1m    create[39m[0m  analysis/infrastructure/03_automation/031_automations
[32m[1m    create[39m[0m  analysis/infrastructure/03_automation/031_automations/cloud.ps1
[32m[1m    create[39m[0m  analysis/infrastructure/03_automation/031_automations/cloud.py
[32m[1m    create[39m[0m  analysis/infrastructure/03_automation/031_automations/.gitkeep
[32m[1m    create[39m[0m  analysis/infrastructure/03_automation/031_automations/cloud.bash
[32m[1m    create[39m[0m  analysis/infrastructure/03_automation/035_terraform
[32m[1m    create[39m[0m  analysis/infrastructure/03_automation/035_terraform/microcloud
[32m[1m    create[39m[0m  analysis/infrastructure/03_automation/035_terraform/microcloud/.gitkeep
[32m[1m    create[39m[0m  analysis/infrastructure/03_automation/035_terraform/microcloud/README.md
[32m[1m    create[39m[0m  analysis/infrastructure/03_automation/035_terraform/local-multipass-vm
[32m[1m    create[39m[0m  analysis/infrastructure/03_automation/035_terraform/local-multipass-vm/main.tf
[32m[1m    create[39m[0m  analysis/infrastructure/03_automation/035_terraform/local-multipass-vm/consul_vault.tf
[32m[1m    create[39m[0m  analysis/infrastructure/03_automation/035_terraform/local-multipass-vm/cloud-init.yaml
[32m[1m    create[39m[0m  analysis/infrastructure/03_automation/035_terraform/local-multipass-vm/nomad.tf
[32m[1m    create[39m[0m  analysis/infrastructure/03_automation/035_terraform/.gitkeep
[32m[1m    create[39m[0m  analysis/infrastructure/03_automation/035_terraform/README.md
[32m[1m    create[39m[0m  analysis/infrastructure/03_automation/035_terraform/oci-vm
[32m[1m    create[39m[0m  analysis/infrastructure/03_automation/035_terraform/oci-vm/outputs.tf
[32m[1m    create[39m[0m  analysis/infrastructure/03_automation/035_terraform/oci-vm/main.tf
[32m[1m    create[39m[0m  analysis/infrastructure/03_automation/035_terraform/oci-vm/cloud-init.yaml
[32m[1m    create[39m[0m  analysis/infrastructure/03_automation/035_terraform/oci-vm/variables.tf
[32m[1m    create[39m[0m  analysis/infrastructure/03_automation/035_terraform/localcloud
[32m[1m    create[39m[0m  analysis/infrastructure/03_automation/035_terraform/localcloud/.gitkeep
[32m[1m    create[39m[0m  analysis/infrastructure/03_automation/035_terraform/localcloud/docker-compose.yml
[32m[1m    create[39m[0m  analysis/infrastructure/03_automation/035_terraform/local-microk8s
[32m[1m    create[39m[0m  analysis/infrastructure/03_automation/035_terraform/local-microk8s/microk8s.tf
[32m[1m    create[39m[0m  analysis/infrastructure/03_automation/README.md
[32m[1m    create[39m[0m  analysis/infrastructure/01_virtualization
[32m[1m    create[39m[0m  analysis/infrastructure/01_virtualization/012_lxd
[32m[1m    create[39m[0m  analysis/infrastructure/01_virtualization/012_lxd/macos-multipass-lxd.sh
[32m[1m    create[39m[0m  analysis/infrastructure/01_virtualization/012_lxd/setup.md
[32m[1m    create[39m[0m  analysis/infrastructure/01_virtualization/013_multipass
[32m[1m    create[39m[0m  analysis/infrastructure/01_virtualization/013_multipass/setup.sh
[32m[1m    create[39m[0m  analysis/infrastructure/01_virtualization/013_multipass/.gitkeep
[32m[1m    create[39m[0m  analysis/infrastructure/01_virtualization/013_multipass/cloud-init
[32m[1m    create[39m[0m  analysis/infrastructure/01_virtualization/013_multipass/cloud-init/data-science.yml
[32m[1m    create[39m[0m  analysis/infrastructure/01_virtualization/README.md
[32m[1m    create[39m[0m  analysis/infrastructure/.gitkeep
[32m[1m    create[39m[0m  analysis/infrastructure/02_orchestration
[32m[1m    create[39m[0m  analysis/infrastructure/02_orchestration/024_waypoint
[32m[1m    create[39m[0m  analysis/infrastructure/02_orchestration/024_waypoint/template.hcl
[32m[1m    create[39m[0m  analysis/infrastructure/02_orchestration/024_waypoint/deploy.sh
[32m[1m    create[39m[0m  analysis/infrastructure/02_orchestration/README.md
[32m[1m    create[39m[0m  analysis/infrastructure/02_orchestration/023_juju
[32m[1m    create[39m[0m  analysis/infrastructure/02_orchestration/023_juju/setup.sh
[32m[1m    create[39m[0m  analysis/infrastructure/02_orchestration/023_juju/overlays
[32m[1m    create[39m[0m  analysis/infrastructure/02_orchestration/023_juju/overlays/nomad.yml
[32m[1m    create[39m[0m  analysis/infrastructure/02_orchestration/023_juju/overlays/production.yml
[32m[1m    create[39m[0m  analysis/infrastructure/02_orchestration/023_juju/overlays/development.yml
[32m[1m    create[39m[0m  analysis/infrastructure/02_orchestration/023_juju/.gitkeep
[32m[1m    create[39m[0m  analysis/infrastructure/02_orchestration/023_juju/README.md
[32m[1m    create[39m[0m  analysis/infrastructure/02_orchestration/023_juju/bundles
[32m[1m    create[39m[0m  analysis/infrastructure/02_orchestration/023_juju/bundles/minio-microk8s-bundle.yaml
[32m[1m    create[39m[0m  analysis/infrastructure/02_orchestration/023_juju/bundles/nomad-docker.yml
[32m[1m    create[39m[0m  analysis/infrastructure/02_orchestration/023_juju/bundles/jupyter-minio-on-microk8s.yml
[32m[1m    create[39m[0m  analysis/infrastructure/environments.just
[32m[1m    create[39m[0m  analysis/data
[32m[1m    create[39m[0m  analysis/data/01_raw
[32m[1m    create[39m[0m  analysis/data/01_raw/.gitkeep
[32m[1m    create[39m[0m  analysis/data/01_raw/011_external
[32m[1m    create[39m[0m  analysis/data/01_raw/011_external/.gitkeep
[32m[1m    create[39m[0m  analysis/data/01_raw/012_internal
[32m[1m    create[39m[0m  analysis/data/01_raw/012_internal/.gitkeep
[32m[1m    create[39m[0m  analysis/data/01_raw/013_synthetic
[32m[1m    create[39m[0m  analysis/data/01_raw/013_synthetic/.gitkeep
[32m[1m    create[39m[0m  analysis/data/01_raw/014_timestamped
[32m[1m    create[39m[0m  analysis/data/01_raw/014_timestamped/.gitkeep
[32m[1m    create[39m[0m  analysis/data/06_models
[32m[1m    create[39m[0m  analysis/data/06_models/065_production
[32m[1m    create[39m[0m  analysis/data/06_models/065_production/.gitkeep
[32m[1m    create[39m[0m  analysis/data/06_models/062_candidate
[32m[1m    create[39m[0m  analysis/data/06_models/062_candidate/.gitkeep
[32m[1m    create[39m[0m  analysis/data/06_models/.gitkeep
[32m[1m    create[39m[0m  analysis/data/06_models/063_ensemble
[32m[1m    create[39m[0m  analysis/data/06_models/063_ensemble/.gitkeep
[32m[1m    create[39m[0m  analysis/data/06_models/061_baseline
[32m[1m    create[39m[0m  analysis/data/06_models/061_baseline/.gitkeep
[32m[1m    create[39m[0m  analysis/data/06_models/064_optimized
[32m[1m    create[39m[0m  analysis/data/06_models/064_optimized/.gitkeep
[32m[1m    create[39m[0m  analysis/data/data.just
[32m[1m    create[39m[0m  analysis/data/04_feature
[32m[1m    create[39m[0m  analysis/data/04_feature/042_statistical
[32m[1m    create[39m[0m  analysis/data/04_feature/042_statistical/.gitkeep
[32m[1m    create[39m[0m  analysis/data/04_feature/045_dimensionality_reduced
[32m[1m    create[39m[0m  analysis/data/04_feature/045_dimensionality_reduced/.gitkeep
[32m[1m    create[39m[0m  analysis/data/04_feature/.gitkeep
[32m[1m    create[39m[0m  analysis/data/04_feature/044_scaled
[32m[1m    create[39m[0m  analysis/data/04_feature/044_scaled/.gitkeep
[32m[1m    create[39m[0m  analysis/data/04_feature/041_domain
[32m[1m    create[39m[0m  analysis/data/04_feature/041_domain/.gitkeep
[32m[1m    create[39m[0m  analysis/data/04_feature/043_interaction
[32m[1m    create[39m[0m  analysis/data/04_feature/043_interaction/.gitkeep
[32m[1m    create[39m[0m  analysis/data/10_backups
[32m[1m    create[39m[0m  analysis/data/10_backups/102_versioned
[32m[1m    create[39m[0m  analysis/data/10_backups/102_versioned/.gitkeep
[32m[1m    create[39m[0m  analysis/data/10_backups/101_timestamped
[32m[1m    create[39m[0m  analysis/data/10_backups/101_timestamped/.gitkeep
[32m[1m    create[39m[0m  analysis/data/10_backups/.gitkeep
[32m[1m    create[39m[0m  analysis/data/12_publications
[32m[1m    create[39m[0m  analysis/data/12_publications/122_datasets
[32m[1m    create[39m[0m  analysis/data/12_publications/122_datasets/.gitkeep
[32m[1m    create[39m[0m  analysis/data/12_publications/.gitkeep
[32m[1m    create[39m[0m  analysis/data/12_publications/123_metadata
[32m[1m    create[39m[0m  analysis/data/12_publications/123_metadata/.gitkeep
[32m[1m    create[39m[0m  analysis/data/12_publications/121_archives
[32m[1m    create[39m[0m  analysis/data/12_publications/121_archives/.gitkeep
[32m[1m    create[39m[0m  analysis/data/05_model_input
[32m[1m    create[39m[0m  analysis/data/05_model_input/.gitkeep
[32m[1m    create[39m[0m  analysis/data/05_model_input/054_production
[32m[1m    create[39m[0m  analysis/data/05_model_input/054_production/.gitkeep
[32m[1m    create[39m[0m  analysis/data/05_model_input/052_train
[32m[1m    create[39m[0m  analysis/data/05_model_input/052_train/.gitkeep
[32m[1m    create[39m[0m  analysis/data/05_model_input/051_test
[32m[1m    create[39m[0m  analysis/data/05_model_input/051_test/.gitkeep
[32m[1m    create[39m[0m  analysis/data/05_model_input/053_validation
[32m[1m    create[39m[0m  analysis/data/05_model_input/053_validation/.gitkeep
[32m[1m    create[39m[0m  analysis/data/14_collaboration
[32m[1m    create[39m[0m  analysis/data/14_collaboration/143_shared
[32m[1m    create[39m[0m  analysis/data/14_collaboration/143_shared/.gitkeep
[32m[1m    create[39m[0m  analysis/data/14_collaboration/142_federated
[32m[1m    create[39m[0m  analysis/data/14_collaboration/142_federated/.gitkeep
[32m[1m    create[39m[0m  analysis/data/14_collaboration/141_agreements
[32m[1m    create[39m[0m  analysis/data/14_collaboration/141_agreements/.gitkeep
[32m[1m    create[39m[0m  analysis/data/.gitignore
[32m[1m    create[39m[0m  analysis/data/13_external_validation
[32m[1m    create[39m[0m  analysis/data/13_external_validation/133_replication
[32m[1m    create[39m[0m  analysis/data/13_external_validation/133_replication/.gitkeep
[32m[1m    create[39m[0m  analysis/data/13_external_validation/131_cross_domain
[32m[1m    create[39m[0m  analysis/data/13_external_validation/131_cross_domain/.gitkeep
[32m[1m    create[39m[0m  analysis/data/13_external_validation/132_cross_population
[32m[1m    create[39m[0m  analysis/data/13_external_validation/132_cross_population/.gitkeep
[32m[1m    create[39m[0m  analysis/data/data-test-proj.org
[32m[1m    create[39m[0m  analysis/data/07_model_output
[32m[1m    create[39m[0m  analysis/data/07_model_output/.gitkeep
[32m[1m    create[39m[0m  analysis/data/07_model_output/073_evaluation
[32m[1m    create[39m[0m  analysis/data/07_model_output/073_evaluation/.gitkeep
[32m[1m    create[39m[0m  analysis/data/07_model_output/072_probabilities
[32m[1m    create[39m[0m  analysis/data/07_model_output/072_probabilities/.gitkeep
[32m[1m    create[39m[0m  analysis/data/07_model_output/071_predictions
[32m[1m    create[39m[0m  analysis/data/07_model_output/071_predictions/.gitkeep
[32m[1m    create[39m[0m  analysis/data/07_model_output/074_explanations
[32m[1m    create[39m[0m  analysis/data/07_model_output/074_explanations/.gitkeep
[32m[1m    create[39m[0m  analysis/data/07_model_output/075_comparisons
[32m[1m    create[39m[0m  analysis/data/07_model_output/075_comparisons/.gitkeep
[32m[1m    create[39m[0m  analysis/data/11_benchmarks
[32m[1m    create[39m[0m  analysis/data/11_benchmarks/113_standard
[32m[1m    create[39m[0m  analysis/data/11_benchmarks/113_standard/.gitkeep
[32m[1m    create[39m[0m  analysis/data/11_benchmarks/.gitkeep
[32m[1m    create[39m[0m  analysis/data/11_benchmarks/111_baseline_results
[32m[1m    create[39m[0m  analysis/data/11_benchmarks/111_baseline_results/.gitkeep
[32m[1m    create[39m[0m  analysis/data/11_benchmarks/112_comparisons
[32m[1m    create[39m[0m  analysis/data/11_benchmarks/112_comparisons/.gitkeep
[32m[1m    create[39m[0m  analysis/data/08_reporting
[32m[1m    create[39m[0m  analysis/data/08_reporting/083_dashboards
[32m[1m    create[39m[0m  analysis/data/08_reporting/083_dashboards/.gitkeep
[32m[1m    create[39m[0m  analysis/data/08_reporting/.gitkeep
[32m[1m    create[39m[0m  analysis/data/08_reporting/081_tables
[32m[1m    create[39m[0m  analysis/data/08_reporting/081_tables/.gitkeep
[32m[1m    create[39m[0m  analysis/data/08_reporting/084_presentations
[32m[1m    create[39m[0m  analysis/data/08_reporting/084_presentations/.gitkeep
[32m[1m    create[39m[0m  analysis/data/08_reporting/082_figures
[32m[1m    create[39m[0m  analysis/data/08_reporting/082_figures/.gitkeep
[32m[1m    create[39m[0m  analysis/data/.justscripts
[32m[1m    create[39m[0m  analysis/data/.justscripts/generate-synthetic.py
[32m[1m    create[39m[0m  analysis/data/.justscripts/quality-report.py
[32m[1m    create[39m[0m  analysis/data/.justscripts/validate-dataset.py
[32m[1m    create[39m[0m  analysis/data/.justscripts/profile-dataset.py
[32m[1m    create[39m[0m  analysis/data/.justscripts/register-internal.py
[32m[1m    create[39m[0m  analysis/data/.justscripts/download-external.py
[32m[1m    create[39m[0m  analysis/data/03_primary
[32m[1m    create[39m[0m  analysis/data/03_primary/033_versioned
[32m[1m    create[39m[0m  analysis/data/03_primary/033_versioned/.gitkeep
[32m[1m    create[39m[0m  analysis/data/03_primary/035_registered
[32m[1m    create[39m[0m  analysis/data/03_primary/035_registered/.gitkeep
[32m[1m    create[39m[0m  analysis/data/03_primary/032_sampled
[32m[1m    create[39m[0m  analysis/data/03_primary/032_sampled/.gitkeep
[32m[1m    create[39m[0m  analysis/data/03_primary/031_quality_checked
[32m[1m    create[39m[0m  analysis/data/03_primary/031_quality_checked/.gitkeep
[32m[1m    create[39m[0m  analysis/data/03_primary/.gitkeep
[32m[1m    create[39m[0m  analysis/data/03_primary/036_versioned
[32m[1m    create[39m[0m  analysis/data/03_primary/036_versioned/.gitkeep
[32m[1m    create[39m[0m  analysis/data/03_primary/034_splits
[32m[1m    create[39m[0m  analysis/data/03_primary/034_splits/.gitkeep
[32m[1m    create[39m[0m  analysis/data/09_logs
[32m[1m    create[39m[0m  analysis/data/09_logs/093_metadata
[32m[1m    create[39m[0m  analysis/data/09_logs/093_metadata/.gitkeep
[32m[1m    create[39m[0m  analysis/data/09_logs/094_lineage
[32m[1m    create[39m[0m  analysis/data/09_logs/094_lineage/.gitkeep
[32m[1m    create[39m[0m  analysis/data/09_logs/095_experiment
[32m[1m    create[39m[0m  analysis/data/09_logs/095_experiment/.gitkeep
[32m[1m    create[39m[0m  analysis/data/09_logs/091_pipeline
[32m[1m    create[39m[0m  analysis/data/09_logs/091_pipeline/.gitkeep
[32m[1m    create[39m[0m  analysis/data/09_logs/.gitkeep
[32m[1m    create[39m[0m  analysis/data/09_logs/092_training
[32m[1m    create[39m[0m  analysis/data/09_logs/092_training/.gitkeep
[32m[1m    create[39m[0m  analysis/data/02_intermediate
[32m[1m    create[39m[0m  analysis/data/02_intermediate/023_extracted
[32m[1m    create[39m[0m  analysis/data/02_intermediate/023_extracted/.gitkeep
[32m[1m    create[39m[0m  analysis/data/02_intermediate/024_validated
[32m[1m    create[39m[0m  analysis/data/02_intermediate/024_validated/.gitkeep
[32m[1m    create[39m[0m  analysis/data/02_intermediate/.gitkeep
[32m[1m    create[39m[0m  analysis/data/02_intermediate/021_cleaned
[32m[1m    create[39m[0m  analysis/data/02_intermediate/021_cleaned/.gitkeep
[32m[1m    create[39m[0m  analysis/data/02_intermediate/022_profiled
[32m[1m    create[39m[0m  analysis/data/02_intermediate/022_profiled/.gitkeep
[32m[1m    create[39m[0m  analysis/data/02_intermediate/026_transformed
[32m[1m    create[39m[0m  analysis/data/02_intermediate/026_transformed/.gitkeep
[32m[1m    create[39m[0m  analysis/data/02_intermediate/025_profiled
[32m[1m    create[39m[0m  analysis/data/02_intermediate/025_profiled/.gitkeep
[32m[1m    create[39m[0m  analysis/data/00_scratch
[32m[1m    create[39m[0m  analysis/data/00_scratch/.gitkeep
[32m[1m    create[39m[0m  analysis/notebooks
[32m[1m    create[39m[0m  analysis/notebooks/09-governance
[32m[1m    create[39m[0m  analysis/notebooks/09-governance/094_privacy_compliance
[32m[1m    create[39m[0m  analysis/notebooks/09-governance/094_privacy_compliance/.gitkeep
[32m[1m    create[39m[0m  analysis/notebooks/09-governance/093_ethical_assessment
[32m[1m    create[39m[0m  analysis/notebooks/09-governance/093_ethical_assessment/.gitkeep
[32m[1m    create[39m[0m  analysis/notebooks/09-governance/091_model_cards
[32m[1m    create[39m[0m  analysis/notebooks/09-governance/091_model_cards/.gitkeep
[32m[1m    create[39m[0m  analysis/notebooks/09-governance/095_audit_logs
[32m[1m    create[39m[0m  analysis/notebooks/09-governance/095_audit_logs/.gitkeep
[32m[1m    create[39m[0m  analysis/notebooks/09-governance/092_datasheets
[32m[1m    create[39m[0m  analysis/notebooks/09-governance/092_datasheets/.gitkeep
[32m[1m    create[39m[0m  analysis/notebooks/experiments.template.md
[32m[1m    create[39m[0m  analysis/notebooks/.gitkeep
[32m[1m    create[39m[0m  analysis/notebooks/notebooks.just
[32m[1m    create[39m[0m  analysis/notebooks/05-models
[32m[1m    create[39m[0m  analysis/notebooks/05-models/055_model_selection
[32m[1m    create[39m[0m  analysis/notebooks/05-models/055_model_selection/.gitkeep
[32m[1m    create[39m[0m  analysis/notebooks/05-models/053_cross_validation
[32m[1m    create[39m[0m  analysis/notebooks/05-models/053_cross_validation/.gitkeep
[32m[1m    create[39m[0m  analysis/notebooks/05-models/056_model_testing
[32m[1m    create[39m[0m  analysis/notebooks/05-models/056_model_testing/.gitkeep
[32m[1m    create[39m[0m  analysis/notebooks/05-models/051_baseline_models
[32m[1m    create[39m[0m  analysis/notebooks/05-models/051_baseline_models/.gitkeep
[32m[1m    create[39m[0m  analysis/notebooks/05-models/053_hyperparameter_tuning
[32m[1m    create[39m[0m  analysis/notebooks/05-models/053_hyperparameter_tuning/.gitkeep
[32m[1m    create[39m[0m  analysis/notebooks/05-models/054_model_evaluation
[32m[1m    create[39m[0m  analysis/notebooks/05-models/054_model_evaluation/.gitkeep
[32m[1m    create[39m[0m  analysis/notebooks/05-models/052_advanced_models
[32m[1m    create[39m[0m  analysis/notebooks/05-models/052_advanced_models/.gitkeep
[32m[1m    create[39m[0m  analysis/notebooks/10-iteration
[32m[1m    create[39m[0m  analysis/notebooks/10-iteration/103_version_comparison
[32m[1m    create[39m[0m  analysis/notebooks/10-iteration/103_version_comparison/.gitkeep
[32m[1m    create[39m[0m  analysis/notebooks/10-iteration/104_release_notes
[32m[1m    create[39m[0m  analysis/notebooks/10-iteration/104_release_notes/.gitkeep
[32m[1m    create[39m[0m  analysis/notebooks/10-iteration/101_stakeholder_feedback
[32m[1m    create[39m[0m  analysis/notebooks/10-iteration/101_stakeholder_feedback/.gitkeep
[32m[1m    create[39m[0m  analysis/notebooks/10-iteration/102_model_updates
[32m[1m    create[39m[0m  analysis/notebooks/10-iteration/102_model_updates/.gitkeep
[32m[1m    create[39m[0m  analysis/notebooks/07-reports
[32m[1m    create[39m[0m  analysis/notebooks/07-reports/073_notebook_slides
[32m[1m    create[39m[0m  analysis/notebooks/07-reports/073_notebook_slides/.gitkeep
[32m[1m    create[39m[0m  analysis/notebooks/07-reports/071_executive_summary
[32m[1m    create[39m[0m  analysis/notebooks/07-reports/071_executive_summary/.gitkeep
[32m[1m    create[39m[0m  analysis/notebooks/07-reports/074_appendices
[32m[1m    create[39m[0m  analysis/notebooks/07-reports/074_appendices/.gitkeep
[32m[1m    create[39m[0m  analysis/notebooks/07-reports/072_visual_storytelling
[32m[1m    create[39m[0m  analysis/notebooks/07-reports/072_visual_storytelling/.gitkeep
[32m[1m    create[39m[0m  analysis/notebooks/01-data
[32m[1m    create[39m[0m  analysis/notebooks/01-data/013_data_inspection
[32m[1m    create[39m[0m  analysis/notebooks/01-data/013_data_inspection/.gitkeep
[32m[1m    create[39m[0m  analysis/notebooks/01-data/012_data_loading
[32m[1m    create[39m[0m  analysis/notebooks/01-data/012_data_loading/.gitkeep
[32m[1m    create[39m[0m  analysis/notebooks/01-data/015_data_validation
[32m[1m    create[39m[0m  analysis/notebooks/01-data/015_data_validation/.gitkeep
[32m[1m    create[39m[0m  analysis/notebooks/01-data/017_data_saving
[32m[1m    create[39m[0m  analysis/notebooks/01-data/017_data_saving/.gitkeep
[32m[1m    create[39m[0m  analysis/notebooks/01-data/011_data_extraction
[32m[1m    create[39m[0m  analysis/notebooks/01-data/011_data_extraction/.gitkeep
[32m[1m    create[39m[0m  analysis/notebooks/01-data/016_data_transformation
[32m[1m    create[39m[0m  analysis/notebooks/01-data/016_data_transformation/.gitkeep
[32m[1m    create[39m[0m  analysis/notebooks/01-data/014_data_cleaning
[32m[1m    create[39m[0m  analysis/notebooks/01-data/014_data_cleaning/.gitkeep
[32m[1m    create[39m[0m  analysis/notebooks/notebooks.md
[32m[1m    create[39m[0m  analysis/notebooks/experiment_template.qmd
[32m[1m    create[39m[0m  analysis/notebooks/06-interpretation
[32m[1m    create[39m[0m  analysis/notebooks/06-interpretation/061_feature_importance
[32m[1m    create[39m[0m  analysis/notebooks/06-interpretation/061_feature_importance/.gitkeep
[32m[1m    create[39m[0m  analysis/notebooks/06-interpretation/068_implementation_strategy
[32m[1m    create[39m[0m  analysis/notebooks/06-interpretation/068_implementation_strategy/.gitkeep
[32m[1m    create[39m[0m  analysis/notebooks/06-interpretation/066_limitation_analysis
[32m[1m    create[39m[0m  analysis/notebooks/06-interpretation/066_limitation_analysis/.gitkeep
[32m[1m    create[39m[0m  analysis/notebooks/06-interpretation/065_roi_analysis
[32m[1m    create[39m[0m  analysis/notebooks/06-interpretation/065_roi_analysis/.gitkeep
[32m[1m    create[39m[0m  analysis/notebooks/06-interpretation/067_risk_assesment
[32m[1m    create[39m[0m  analysis/notebooks/06-interpretation/067_risk_assesment/.gitkeep
[32m[1m    create[39m[0m  analysis/notebooks/06-interpretation/062_partial_dependence
[32m[1m    create[39m[0m  analysis/notebooks/06-interpretation/062_partial_dependence/.gitkeep
[32m[1m    create[39m[0m  analysis/notebooks/06-interpretation/063_shap_explainer
[32m[1m    create[39m[0m  analysis/notebooks/06-interpretation/063_shap_explainer/.gitkeep
[32m[1m    create[39m[0m  analysis/notebooks/06-interpretation/064_domain_validation
[32m[1m    create[39m[0m  analysis/notebooks/06-interpretation/064_domain_validation/.gitkeep
[32m[1m    create[39m[0m  analysis/notebooks/02-exploration
[32m[1m    create[39m[0m  analysis/notebooks/02-exploration/025_outlier_detection
[32m[1m    create[39m[0m  analysis/notebooks/02-exploration/025_outlier_detection/.gitkeep
[32m[1m    create[39m[0m  analysis/notebooks/02-exploration/027_visualization
[32m[1m    create[39m[0m  analysis/notebooks/02-exploration/027_visualization/.gitkeep
[32m[1m    create[39m[0m  analysis/notebooks/02-exploration/023_bivariate_analysis
[32m[1m    create[39m[0m  analysis/notebooks/02-exploration/023_bivariate_analysis/.gitkeep
[32m[1m    create[39m[0m  analysis/notebooks/02-exploration/024_multivariate_analysis
[32m[1m    create[39m[0m  analysis/notebooks/02-exploration/024_multivariate_analysis/.gitkeep
[32m[1m    create[39m[0m  analysis/notebooks/02-exploration/eda_penguins.qmd
[32m[1m    create[39m[0m  analysis/notebooks/02-exploration/022_univariate_analysis
[32m[1m    create[39m[0m  analysis/notebooks/02-exploration/022_univariate_analysis/.gitkeep
[32m[1m    create[39m[0m  analysis/notebooks/02-exploration/026_missing_value_analysis
[32m[1m    create[39m[0m  analysis/notebooks/02-exploration/026_missing_value_analysis/.gitkeep
[32m[1m    create[39m[0m  analysis/notebooks/02-exploration/021_descriptive_statistics
[32m[1m    create[39m[0m  analysis/notebooks/02-exploration/021_descriptive_statistics/.gitkeep
[32m[1m    create[39m[0m  analysis/notebooks/02-exploration/experiments.qmd
[32m[1m    create[39m[0m  analysis/notebooks/04-feat_eng
[32m[1m    create[39m[0m  analysis/notebooks/04-feat_eng/042_feature_transformation
[32m[1m    create[39m[0m  analysis/notebooks/04-feat_eng/042_feature_transformation/.gitkeep
[32m[1m    create[39m[0m  analysis/notebooks/04-feat_eng/041_feature_creation
[32m[1m    create[39m[0m  analysis/notebooks/04-feat_eng/041_feature_creation/.gitkeep
[32m[1m    create[39m[0m  analysis/notebooks/04-feat_eng/044_feature_scaling
[32m[1m    create[39m[0m  analysis/notebooks/04-feat_eng/044_feature_scaling/.gitkeep
[32m[1m    create[39m[0m  analysis/notebooks/04-feat_eng/045_dimensionality_reduction
[32m[1m    create[39m[0m  analysis/notebooks/04-feat_eng/045_dimensionality_reduction/.gitkeep
[32m[1m    create[39m[0m  analysis/notebooks/04-feat_eng/043_feature_selection
[32m[1m    create[39m[0m  analysis/notebooks/04-feat_eng/043_feature_selection/.gitkeep
[32m[1m    create[39m[0m  analysis/notebooks/experiments-test-proj.org
[32m[1m    create[39m[0m  analysis/notebooks/03-analysis
[32m[1m    create[39m[0m  analysis/notebooks/03-analysis/036_network_analysis
[32m[1m    create[39m[0m  analysis/notebooks/03-analysis/036_network_analysis/.gitkeep
[32m[1m    create[39m[0m  analysis/notebooks/03-analysis/031_hypothesis_testing
[32m[1m    create[39m[0m  analysis/notebooks/03-analysis/031_hypothesis_testing/.gitkeep
[32m[1m    create[39m[0m  analysis/notebooks/03-analysis/032_correlation_analysis
[32m[1m    create[39m[0m  analysis/notebooks/03-analysis/032_correlation_analysis/.gitkeep
[32m[1m    create[39m[0m  analysis/notebooks/03-analysis/037_statistical_modeling
[32m[1m    create[39m[0m  analysis/notebooks/03-analysis/037_statistical_modeling/.gitkeep
[32m[1m    create[39m[0m  analysis/notebooks/03-analysis/035_spatial_analysis
[32m[1m    create[39m[0m  analysis/notebooks/03-analysis/035_spatial_analysis/.gitkeep
[32m[1m    create[39m[0m  analysis/notebooks/03-analysis/034_time_series_analysis
[32m[1m    create[39m[0m  analysis/notebooks/03-analysis/034_time_series_analysis/.gitkeep
[32m[1m    create[39m[0m  analysis/notebooks/03-analysis/033_group_comparison
[32m[1m    create[39m[0m  analysis/notebooks/03-analysis/033_group_comparison/.gitkeep
[32m[1m    create[39m[0m  analysis/notebooks/00_scratch
[32m[1m    create[39m[0m  analysis/notebooks/00_scratch/clojure
[32m[1m    create[39m[0m  analysis/notebooks/00_scratch/clojure/portal
[32m[1m    create[39m[0m  analysis/notebooks/00_scratch/clojure/portal/portal.clj
[32m[1m    create[39m[0m  analysis/notebooks/00_scratch/clojure/clay
[32m[1m    create[39m[0m  analysis/notebooks/00_scratch/clojure/clay/claybook.clj
[32m[1m    create[39m[0m  analysis/notebooks/00_scratch/clojure/clerk
[32m[1m    create[39m[0m  analysis/notebooks/00_scratch/clojure/clerk/clerkbook.clj
[32m[1m    create[39m[0m  analysis/notebooks/00_scratch/clojure/clerk/penguins.clj
[32m[1m    create[39m[0m  analysis/notebooks/00_scratch/pluto
[32m[1m    create[39m[0m  analysis/notebooks/00_scratch/pluto/pluto.jl
[32m[1m    create[39m[0m  analysis/notebooks/00_scratch/pluto/penguins.pluto.jl
[32m[1m    create[39m[0m  analysis/notebooks/00_scratch/mathematica
[32m[1m    create[39m[0m  analysis/notebooks/00_scratch/mathematica/penguins.wolframite.clj
[32m[1m    create[39m[0m  analysis/notebooks/00_scratch/mathematica/.gitkeep
[32m[1m    create[39m[0m  analysis/notebooks/00_scratch/dotnet
[32m[1m    create[39m[0m  analysis/notebooks/00_scratch/dotnet/README.md
[32m[1m    create[39m[0m  analysis/notebooks/00_scratch/matlab
[32m[1m    create[39m[0m  analysis/notebooks/00_scratch/matlab/.gitkeep
[32m[1m    create[39m[0m  analysis/notebooks/00_scratch/quarto
[32m[1m    create[39m[0m  analysis/notebooks/00_scratch/quarto/eda_penguins.qmd
[32m[1m    create[39m[0m  analysis/notebooks/00_scratch/quarto/experiments.qmd
[32m[1m    create[39m[0m  analysis/notebooks/00_scratch/quarto/quartobook.template.qmd
[32m[1m    create[39m[0m  analysis/notebooks/00_scratch/jupyter
[32m[1m    create[39m[0m  analysis/notebooks/00_scratch/jupyter/eda_starter.ipynb
[32m[1m    create[39m[0m  analysis/notebooks/00_scratch/jupyter/palmer-penguins-complete-univar-visualization.ipynb
[32m[1m    create[39m[0m  analysis/notebooks/00_scratch/jupyter/EDA Template.ipynb
[32m[1m    create[39m[0m  analysis/notebooks/00_scratch/jupyter/palmer-penguins-dataset-full-visualization.ipynb
[32m[1m    create[39m[0m  analysis/notebooks/08-deploy
[32m[1m    create[39m[0m  analysis/notebooks/08-deploy/083_ci_cd_pipelines
[32m[1m    create[39m[0m  analysis/notebooks/08-deploy/083_ci_cd_pipelines/.gitkeep
[32m[1m    create[39m[0m  analysis/notebooks/08-deploy/088_a_b_testing
[32m[1m    create[39m[0m  analysis/notebooks/08-deploy/088_a_b_testing/.gitkeep
[32m[1m    create[39m[0m  analysis/notebooks/08-deploy/086_model_registry
[32m[1m    create[39m[0m  analysis/notebooks/08-deploy/086_model_registry/.gitkeep
[32m[1m    create[39m[0m  analysis/notebooks/08-deploy/087_rollback_strategy
[32m[1m    create[39m[0m  analysis/notebooks/08-deploy/087_rollback_strategy/.gitkeep
[32m[1m    create[39m[0m  analysis/notebooks/08-deploy/085_monitoring
[32m[1m    create[39m[0m  analysis/notebooks/08-deploy/085_monitoring/.gitkeep
[32m[1m    create[39m[0m  analysis/notebooks/08-deploy/089_feature_store
[32m[1m    create[39m[0m  analysis/notebooks/08-deploy/089_feature_store/.gitkeep
[32m[1m    create[39m[0m  analysis/notebooks/08-deploy/082_dockerization
[32m[1m    create[39m[0m  analysis/notebooks/08-deploy/082_dockerization/.gitkeep
[32m[1m    create[39m[0m  analysis/notebooks/08-deploy/084_api_deployment
[32m[1m    create[39m[0m  analysis/notebooks/08-deploy/084_api_deployment/.gitkeep
[32m[1m    create[39m[0m  analysis/notebooks/08-deploy/081_model_packaging
[32m[1m    create[39m[0m  analysis/notebooks/08-deploy/081_model_packaging/.gitkeep
[32m[1m    create[39m[0m  pixi.toml
[32m[1m    create[39m[0m  .gitignore
[32m[1m    create[39m[0m  .LICENSE.template
[32m[1m    create[39m[0m  environment.yml
[32m[1m    create[39m[0m  mise.local.toml.template
[32m[1m    create[39m[0m  .licenseheaders.json
[32m[1m    create[39m[0m  .pre-commit-config.yaml
[32m[1m    create[39m[0m  dev.cljs.edn
[32m[1m    create[39m[0m  deps.edn
[32m[1m    create[39m[0m  pixi.toml.template
[32m[1m    create[39m[0m  README.md
[32m[1m    create[39m[0m  clay.edn
[32m[1m    create[39m[0m  WORKSPACE
[32m[1m    create[39m[0m  .hasrc
[32m[1m    create[39m[0m  pixi.lock
[32m[1m    create[39m[0m  .dvc
[32m[1m    create[39m[0m  .dvc/config
[32m[1m    create[39m[0m  .dvc/.gitignore
[32m[1m    create[39m[0m  justfile
[32m[1m    create[39m[0m  .envrc.template
[32m[1m    create[39m[0m  test-proj.main.nf
[32m[1m    create[39m[0m  .mise
[32m[1m    create[39m[0m  .mise/tasks
[32m[1m    create[39m[0m  .mise/tasks/greet
[32m[1m    create[39m[0m  .mise/tasks/build
[32m[1m    create[39m[0m  .editorconfig
[32m[1m    create[39m[0m  .fish
[32m[1m    create[39m[0m  .fish/aliases.sh
[32m[1m    create[39m[0m  .fish/completions.sh
[32m[1m    create[39m[0m  .fish/config.fish
[32m[1m    create[39m[0m  .fish/starship.toml
[32m[1m    create[39m[0m  .fish/functions.sh
[32m[1m    create[39m[0m  .fish/history
[32m[1m    create[39m[0m  .fish/run_fish.sh
[32m[1m    create[39m[0m  dune-project
[32m[1m    create[39m[0m  mise.toml
[32m[1m    create[39m[0m  dvc.yaml
[32m[1m    create[39m[0m  package.json
[32m[1m    create[39m[0m  .gitattributes
[32m[1m    create[39m[0m  nbb.edn
[32m[1m    create[39m[0m  project-test-proj.org
[32m[1m    create[39m[0m  bb.edn
[32m[1m    create[39m[0m  jreleaser.yml
[32m[1m    create[39m[0m  .air.toml
[32m[1m    create[39m[0m  MODULE.bazel
[32m[1m    create[39m[0m  renv.lock
[32m[1m    create[39m[0m  writeup
[32m[1m    create[39m[0m  writeup/manuscript
[32m[1m    create[39m[0m  writeup/manuscript/_quarto.yml
[32m[1m    create[39m[0m  writeup/manuscript/pollen
[32m[1m    create[39m[0m  writeup/manuscript/pollen/pollen.rkt
[32m[1m    create[39m[0m  writeup/manuscript/pollen/template.txt.p
[32m[1m    create[39m[0m  writeup/manuscript/pollen/data.yaml
[32m[1m    create[39m[0m  writeup/manuscript/pollen/article.txt
[32m[1m    create[39m[0m  writeup/manuscript/pollen/pollen.just
[32m[1m    create[39m[0m  writeup/manuscript/pollen/article.txt.pm
[32m[1m    create[39m[0m  writeup/manuscript/.gitkeep
[32m[1m    create[39m[0m  writeup/manuscript/versions
[32m[1m    create[39m[0m  writeup/manuscript/versions/.gitkeep
[32m[1m    create[39m[0m  writeup/manuscript/.fossil-settings
[32m[1m    create[39m[0m  writeup/manuscript/README.md
[32m[1m    create[39m[0m  writeup/manuscript/manuscript.fossil
[32m[1m    create[39m[0m  writeup/manuscript/.gitignore
[32m[1m    create[39m[0m  writeup/manuscript/manuscript-test-proj.org
[32m[1m    create[39m[0m  writeup/manuscript/submissions
[32m[1m    create[39m[0m  writeup/manuscript/submissions/journals
[32m[1m    create[39m[0m  writeup/manuscript/submissions/journals/journal-name
[32m[1m    create[39m[0m  writeup/manuscript/submissions/journals/journal-name/.gitkeep
[32m[1m    create[39m[0m  writeup/manuscript/submissions/journals/journal-name/cover-letter.qmd
[32m[1m    create[39m[0m  writeup/manuscript/submissions/preprints
[32m[1m    create[39m[0m  writeup/manuscript/submissions/preprints/.gitkeep
[32m[1m    create[39m[0m  writeup/manuscript/submissions/preprints/bioarxiv
[32m[1m    create[39m[0m  writeup/manuscript/submissions/preprints/bioarxiv/.gitkeep
[32m[1m    create[39m[0m  writeup/manuscript/manuscript.just
[32m[1m    create[39m[0m  writeup/manuscript/assets
[32m[1m    create[39m[0m  writeup/manuscript/assets/data-zenodo
[32m[1m    create[39m[0m  writeup/manuscript/assets/data-zenodo/.gitkeep
[32m[1m    create[39m[0m  writeup/manuscript/assets/tables
[32m[1m    create[39m[0m  writeup/manuscript/assets/tables/archive
[32m[1m    create[39m[0m  writeup/manuscript/assets/tables/archive/.gitkeep
[32m[1m    create[39m[0m  writeup/manuscript/assets/tables/.gitkeep
[32m[1m    create[39m[0m  writeup/manuscript/assets/tables/current
[32m[1m    create[39m[0m  writeup/manuscript/assets/tables/current/.gitkeep
[32m[1m    create[39m[0m  writeup/manuscript/assets/tables/raw
[32m[1m    create[39m[0m  writeup/manuscript/assets/tables/raw/great_tables.py
[32m[1m    create[39m[0m  writeup/manuscript/assets/tables/raw/.gitkeep
[32m[1m    create[39m[0m  writeup/manuscript/assets/tables/raw/table.qmd
[32m[1m    create[39m[0m  writeup/manuscript/assets/tables/raw/table.typ
[32m[1m    create[39m[0m  writeup/manuscript/assets/supplemental-data
[32m[1m    create[39m[0m  writeup/manuscript/assets/supplemental-data/archive
[32m[1m    create[39m[0m  writeup/manuscript/assets/supplemental-data/archive/.gitkeep
[32m[1m    create[39m[0m  writeup/manuscript/assets/supplemental-data/.gitkeep
[32m[1m    create[39m[0m  writeup/manuscript/assets/supplemental-data/current
[32m[1m    create[39m[0m  writeup/manuscript/assets/supplemental-data/current/.gitkeep
[32m[1m    create[39m[0m  writeup/manuscript/assets/supplemental-data/raw
[32m[1m    create[39m[0m  writeup/manuscript/assets/supplemental-data/raw/.gitkeep
[32m[1m    create[39m[0m  writeup/manuscript/assets/figures
[32m[1m    create[39m[0m  writeup/manuscript/assets/figures/archive
[32m[1m    create[39m[0m  writeup/manuscript/assets/figures/archive/.gitkeep
[32m[1m    create[39m[0m  writeup/manuscript/assets/figures/.gitkeep
[32m[1m    create[39m[0m  writeup/manuscript/assets/figures/current
[32m[1m    create[39m[0m  writeup/manuscript/assets/figures/current/.gitkeep
[32m[1m    create[39m[0m  writeup/manuscript/assets/figures/raw
[32m[1m    create[39m[0m  writeup/manuscript/assets/figures/raw/.gitkeep
[32m[1m    create[39m[0m  writeup/manuscript/fossil-cred.md
[32m[1m    create[39m[0m  writeup/manuscript/src
[32m[1m    create[39m[0m  writeup/manuscript/src/references.bib
[32m[1m    create[39m[0m  writeup/manuscript/src/.gitkeep
[32m[1m    create[39m[0m  writeup/manuscript/src/index.qmd
[32m[1m    create[39m[0m  writeup/manuscript/src/_metadata.yml
[32m[1m    create[39m[0m  writeup/grants
[32m[1m    create[39m[0m  writeup/grants/grants.just
[32m[1m    create[39m[0m  writeup/grants/README.md
[32m[1m    create[39m[0m  writeup/grants/applications
[32m[1m    create[39m[0m  writeup/grants/applications/submitted
[32m[1m    create[39m[0m  writeup/grants/applications/submitted/.gitkeep
[32m[1m    create[39m[0m  writeup/grants/applications/active
[32m[1m    create[39m[0m  writeup/grants/applications/active/.gitkeep
[32m[1m    create[39m[0m  writeup/grants/applications/awarded
[32m[1m    create[39m[0m  writeup/grants/applications/awarded/.gitkeep
[32m[1m    create[39m[0m  writeup/grants/templates
[32m[1m    create[39m[0m  writeup/grants/templates/private
[32m[1m    create[39m[0m  writeup/grants/templates/private/foundation_proposal.qmd
[32m[1m    create[39m[0m  writeup/grants/templates/industry
[32m[1m    create[39m[0m  writeup/grants/templates/industry/.gitkeep
[32m[1m    create[39m[0m  writeup/grants/templates/federal
[32m[1m    create[39m[0m  writeup/grants/templates/federal/nsf
[32m[1m    create[39m[0m  writeup/grants/templates/federal/nsf/nsf_full_proposal.qmd
[32m[1m    create[39m[0m  writeup/grants/templates/federal/nsf/grant_template.md
[32m[1m    create[39m[0m  writeup/grants/templates/federal/usda
[32m[1m    create[39m[0m  writeup/grants/templates/federal/usda/.gitkeep
[32m[1m    create[39m[0m  writeup/grants/templates/federal/doe
[32m[1m    create[39m[0m  writeup/grants/templates/federal/doe/.gitkeep
[32m[1m    create[39m[0m  writeup/grants/templates/federal/nih
[32m[1m    create[39m[0m  writeup/grants/templates/federal/nih/nih_r01_template.qmd
[32m[1m    create[39m[0m  writeup/grants/templates/federal/dod
[32m[1m    create[39m[0m  writeup/grants/templates/federal/dod/.gitkeep
[32m[1m    create[39m[0m  writeup/grants/templates/federal/nasa
[32m[1m    create[39m[0m  writeup/grants/templates/federal/nasa/.gitkeep
[32m[1m    create[39m[0m  writeup/grants/templates/international
[32m[1m    create[39m[0m  writeup/grants/templates/international/.gitkeep
[32m[1m    create[39m[0m  writeup/grants/tracking
[32m[1m    create[39m[0m  writeup/grants/tracking/deadlines
[32m[1m    create[39m[0m  writeup/grants/tracking/deadlines/grant_tracker.md
[32m[1m    create[39m[0m  writeup/grants/tracking/reports
[32m[1m    create[39m[0m  writeup/grants/tracking/reports/.gitkeep
[32m[1m    create[39m[0m  writeup/grants/tracking/reviews
[32m[1m    create[39m[0m  writeup/grants/tracking/reviews/.gitkeep
[32m[1m    create[39m[0m  writeup/grants/assets
[32m[1m    create[39m[0m  writeup/grants/assets/references
[32m[1m    create[39m[0m  writeup/grants/assets/references/.gitkeep
[32m[1m    create[39m[0m  writeup/grants/assets/appendices
[32m[1m    create[39m[0m  writeup/grants/assets/appendices/data_management_plan.qmd
[32m[1m    create[39m[0m  writeup/grants/assets/figures
[32m[1m    create[39m[0m  writeup/grants/assets/figures/.gitkeep
[32m[1m    create[39m[0m  writeup/grants/assets/budgets
[32m[1m    create[39m[0m  writeup/grants/assets/budgets/budget_template.xlsx
[32m[1m    create[39m[0m  writeup/writeup-test-proj.org
[32m[1m    create[39m[0m  writeup/blog
[32m[1m    create[39m[0m  writeup/blog/_quarto.yml
[32m[1m    create[39m[0m  writeup/blog/justfile
[32m[1m    create[39m[0m  writeup/blog/templates
[32m[1m    create[39m[0m  writeup/blog/templates/personal
[32m[1m    create[39m[0m  writeup/blog/templates/personal/reflections.md
[32m[1m    create[39m[0m  writeup/blog/templates/data-science
[32m[1m    create[39m[0m  writeup/blog/templates/data-science/project-journey.md
[32m[1m    create[39m[0m  writeup/blog/templates/data-science/debugging-detective.md
[32m[1m    create[39m[0m  writeup/blog/templates/data-science/lessons.md
[32m[1m    create[39m[0m  writeup/blog/templates/data-science/research-reflections.md
[32m[1m    create[39m[0m  writeup/blog/templates/data-science/philosophy.md
[32m[1m    create[39m[0m  writeup/blog/templates/academic
[32m[1m    create[39m[0m  writeup/blog/templates/academic/research-benchmarks.md
[32m[1m    create[39m[0m  writeup/README.md
[32m[1m    create[39m[0m  writeup/abstracts
[32m[1m    create[39m[0m  writeup/abstracts/versions
[32m[1m    create[39m[0m  writeup/abstracts/versions/.gitkeep
[32m[1m    create[39m[0m  writeup/abstracts/README.md
[32m[1m    create[39m[0m  writeup/abstracts/submissions
[32m[1m    create[39m[0m  writeup/abstracts/submissions/journal
[32m[1m    create[39m[0m  writeup/abstracts/submissions/journal/.gitkeep
[32m[1m    create[39m[0m  writeup/abstracts/submissions/conference
[32m[1m    create[39m[0m  writeup/abstracts/submissions/conference/.gitkeep
[32m[1m    create[39m[0m  writeup/abstracts/submissions/symposium
[32m[1m    create[39m[0m  writeup/abstracts/submissions/symposium/.gitkeep
[32m[1m    create[39m[0m  writeup/abstracts/templates
[32m[1m    create[39m[0m  writeup/abstracts/templates/journal_abstract.qmd
[32m[1m    create[39m[0m  writeup/abstracts/templates/symposium_abstract.qmd
[32m[1m    create[39m[0m  writeup/abstracts/templates/conference_abstract.qmd
[32m[1m    create[39m[0m  writeup/abstracts/abstracts.just
[32m[1m    create[39m[0m  writeup/writeup.just
[32m[1m    create[39m[0m  writeup/book
[32m[1m    create[39m[0m  writeup/book/_quarto.yml
[32m[1m    create[39m[0m  writeup/report
[32m[1m    create[39m[0m  writeup/report/justfile
[32m[1m    create[39m[0m  writeup/report/.gitkeep
[32m[1m    create[39m[0m  writeup/report/README.md
[32m[1m    create[39m[0m  writeup/report/styles
[32m[1m    create[39m[0m  writeup/report/styles/executive-summary.css
[32m[1m    create[39m[0m  writeup/report/tufte.qmd
[32m[1m    create[39m[0m  writeup/report/templates
[32m[1m    create[39m[0m  writeup/report/templates/project
[32m[1m    create[39m[0m  writeup/report/templates/project/project_report.qmd
[32m[1m    create[39m[0m  writeup/report/templates/meeting
[32m[1m    create[39m[0m  writeup/report/templates/meeting/meeting-progress-report.qmd
[32m[1m    create[39m[0m  writeup/report/templates/technical
[32m[1m    create[39m[0m  writeup/report/templates/technical/technical_report.qmd
[32m[1m    create[39m[0m  writeup/report/templates/grant
[32m[1m    create[39m[0m  writeup/report/templates/grant/grant_progress.qmd
[32m[1m    create[39m[0m  writeup/report/templates/executive
[32m[1m    create[39m[0m  writeup/report/templates/executive/executive_summary.qmd
[32m[1m    create[39m[0m  writeup/report/reports
[32m[1m    create[39m[0m  writeup/report/reports/sample_technical_report.qmd
[32m[1m    create[39m[0m  writeup/assets
[32m[1m    create[39m[0m  writeup/assets/visualizations
[32m[1m    create[39m[0m  writeup/assets/visualizations/figures-raw
[32m[1m    create[39m[0m  writeup/assets/visualizations/figures-raw/.gitkeep
[32m[1m    create[39m[0m  writeup/assets/visualizations/tables-raw
[32m[1m    create[39m[0m  writeup/assets/visualizations/tables-raw/.gitkeep
[32m[1m    create[39m[0m  writeup/assets/data
[32m[1m    create[39m[0m  writeup/assets/data/results
[32m[1m    create[39m[0m  writeup/assets/data/results/.gitkeep
[32m[1m    create[39m[0m  writeup/branding.yml
[32m[1m    create[39m[0m  writeup/presentation
[32m[1m    create[39m[0m  writeup/presentation/_quarto.yml
[32m[1m    create[39m[0m  writeup/presentation/presentation.qmd
[32m[1m    create[39m[0m  writeup/presentation/refs.bib
[32m[1m    create[39m[0m  writeup/presentation/justfile
[32m[1m    create[39m[0m  writeup/presentation/.gitkeep
[32m[1m    create[39m[0m  writeup/presentation/presentation.just
[32m[1m    create[39m[0m  writeup/presentation/README.md
[32m[1m    create[39m[0m  writeup/presentation/presentations
[32m[1m    create[39m[0m  writeup/presentation/presentations/workshops
[32m[1m    create[39m[0m  writeup/presentation/presentations/workshops/.gitkeep
[32m[1m    create[39m[0m  writeup/presentation/presentations/seminars
[32m[1m    create[39m[0m  writeup/presentation/presentations/seminars/.gitkeep
[32m[1m    create[39m[0m  writeup/presentation/presentations/meetings
[32m[1m    create[39m[0m  writeup/presentation/presentations/meetings/.gitkeep
[32m[1m    create[39m[0m  writeup/presentation/presentations/conferences
[32m[1m    create[39m[0m  writeup/presentation/presentations/conferences/.gitkeep
[32m[1m    create[39m[0m  writeup/presentation/.gitignore
[32m[1m    create[39m[0m  writeup/presentation/templates
[32m[1m    create[39m[0m  writeup/presentation/templates/corporate
[32m[1m    create[39m[0m  writeup/presentation/templates/corporate/corporate_template.qmd
[32m[1m    create[39m[0m  writeup/presentation/templates/workshop
[32m[1m    create[39m[0m  writeup/presentation/templates/workshop/workshop_template.qmd
[32m[1m    create[39m[0m  writeup/presentation/templates/academic
[32m[1m    create[39m[0m  writeup/presentation/templates/academic/academic_template.qmd
[32m[1m    create[39m[0m  writeup/presentation/templates/meeting
[32m[1m    create[39m[0m  writeup/presentation/templates/meeting/meeting-progress-summary.qmd
[32m[1m    create[39m[0m  writeup/presentation/templates/poster
[32m[1m    create[39m[0m  writeup/presentation/templates/poster/poster_template.qmd
[32m[1m    create[39m[0m  writeup/presentation/_brand.yml
[32m[1m    create[39m[0m  writeup/presentation/src
[32m[1m    create[39m[0m  writeup/presentation/src/index.qmd
[32m[1m    create[39m[0m  writeup/poster
[32m[1m    create[39m[0m  writeup/poster/justfile
[32m[1m    create[39m[0m  writeup/poster/.gitkeep
[32m[1m    create[39m[0m  writeup/poster/versions
[32m[1m    create[39m[0m  writeup/poster/versions/.gitkeep
[32m[1m    create[39m[0m  writeup/poster/MIGRATION.md
[32m[1m    create[39m[0m  writeup/poster/README.md
[32m[1m    create[39m[0m  writeup/poster/templates
[32m[1m    create[39m[0m  writeup/poster/templates/specialized
[32m[1m    create[39m[0m  writeup/poster/templates/specialized/.gitkeep
[32m[1m    create[39m[0m  writeup/poster/templates/standard
[32m[1m    create[39m[0m  writeup/poster/templates/standard/poster.qmd
[32m[1m    create[39m[0m  writeup/poster/templates/standard/.gitkeep
[32m[1m    create[39m[0m  writeup/poster/templates/landscape
[32m[1m    create[39m[0m  writeup/poster/templates/landscape/poster.qmd
[32m[1m    create[39m[0m  writeup/poster/templates/landscape/.gitkeep
[32m[1m    create[39m[0m  writeup/poster/conferences
[32m[1m    create[39m[0m  writeup/poster/conferences/2025
[32m[1m    create[39m[0m  writeup/poster/conferences/2025/neurips
[32m[1m    create[39m[0m  writeup/poster/conferences/2025/neurips/neurips_poster.qmd
[32m[1m    create[39m[0m  writeup/poster/conferences/2025-05-neurips
[32m[1m    create[39m[0m  writeup/poster/conferences/2025-05-neurips/neurips_poster.qmd
[32m[1m    create[39m[0m  writeup/poster/assets
[32m[1m    create[39m[0m  writeup/poster/assets/logos
[32m[1m    create[39m[0m  writeup/poster/assets/logos/institution.png
[32m[1m    create[39m[0m  pyproject.toml
[32m[1m    create[39m[0m  .bazelrc
[32m[1m    create[39m[0m  QUICK_START.md
[32m[1m    create[39m[0m  .dvcignore
Starting Copier Template Tester for /Users/abhi/projects/template-analysis-and-writeup
Note: If files were modified, pre-commit will report a failure.

Using `copier` to create: minimal-starter


Replacing with deterministic value line=_commit: v0.9.6-7-gbcdca25
Replacing with deterministic value line=_src_path: /Users/abhi/projects/template-analysis-and-writeup
